Fatiando a Terra:
  version: 0.0.1
  date: Tue Apr 10 10:57:21 2012
  changeset: 3edcc61b5058+ tip

Generating regular grid:
  area = (x1, x2, y1, y2) = (0, 1000, 0, 1000)
  shape = (ny, nx) = (51, 51)
  spacing = (dy, dx) = (20.0, 20.0)
  points = nx*ny = 2601
  z = -150
Contaminating data with Gaussian noise:
  noise stddev = 0.5
Contaminating data with Gaussian noise:
  noise stddev = 0.5
Contaminating data with Gaussian noise:
  noise stddev = 0.5
Contaminating data with Gaussian noise:
  noise stddev = 0.5
Contaminating data with Gaussian noise:
  noise stddev = 0.5
Contaminating data with Gaussian noise:
  noise stddev = 0.5
