Fatiando a Terra:
  version: 0.0.1
  date: Tue Apr 10 10:55:54 2012
  changeset: 3edcc61b5058+ tip

Using data file: data-pos-neg.txt
Using parameter file: params-pos-neg-one.py
Generating 3D right rectangular prism mesh:
  bounds = (x1, x2, y1, y2, z1, z2) = [0, 1000, 0, 1000, 0, 1000]
  shape = (nz, ny, nx) = (30, 30, 30)
  number of prisms = 27000
  prism dimensions = (dz, dy, dx) = (33.333333333333336, 33.333333333333336, 33.333333333333336)
Sowing seeds in the mesh:
  found 1 seeds
  time: 0h 0m 0.00000s
Final goal function value: 2.34758
Total time for inversion: 0h 0m 38.91000s
Total number of accretions: 380
Average time per accretion: 0h 0m 0.10239s
Calculating standard deviations:
  1.3954 0.8452 1.6683 1.0795 1.4157 2.0124
Goal is actually misfit.
Regularizer: 74.8778
