Fatiando a Terra:
  version: 0.0.1
  date: Mon Apr  9 15:21:20 2012
  changeset: 3edcc61b5058+ tip

Using data file: data-pos-neg.txt
Using parameter file: params-pos-neg-full-under.py
Generating 3D right rectangular prism mesh:
  bounds = (x1, x2, y1, y2, z1, z2) = [0, 1000, 0, 1000, 0, 1000]
  shape = (nz, ny, nx) = (30, 30, 30)
  number of prisms = 27000
  prism dimensions = (dz, dy, dx) = (33.333333333333336, 33.333333333333336, 33.333333333333336)
Sowing seeds in the mesh:
  found 3 seeds
  time: 0h 0m 0.00000s
Final goal function value: 0.980471
Total time for inversion: 0h 3m 8.72000s
Total number of accretions: 2091
Average time per accretion: 0h 0m 0.09025s
Calculating standard deviations:
  0.5253 0.4970 0.5109 0.5010 0.5191 0.5386
Goal is actually misfit.
Regularizer: 301.302
