Fatiando a Terra:
  version: 0.0.1
  date: Tue Apr 10 10:56:34 2012
  changeset: 3edcc61b5058+ tip

Using data file: data-pos-neg.txt
Using parameter file: params-pos-neg-wrong.py
Generating 3D right rectangular prism mesh:
  bounds = (x1, x2, y1, y2, z1, z2) = [0, 1000, 0, 1000, 0, 1000]
  shape = (nz, ny, nx) = (30, 30, 30)
  number of prisms = 27000
  prism dimensions = (dz, dy, dx) = (33.333333333333336, 33.333333333333336, 33.333333333333336)
Sowing seeds in the mesh:
  found 3 seeds
  time: 0h 0m 0.00000s
Final goal function value: 1.12933
Total time for inversion: 0h 0m 45.40000s
Total number of accretions: 674
Average time per accretion: 0h 0m 0.06736s
Calculating standard deviations:
  0.5569 0.5093 0.5923 0.5884 0.6159 0.6864
Goal is actually misfit.
Regularizer: 68.1942
